<?xml version="1.0" encoding="UTF-8"?>
<testng-results skipped="0" failed="0" ignored="0" total="1" passed="1">
  <reporter-output>
  </reporter-output>
  <suite name="Default suite" duration-ms="3917" started-at="2021-07-18T22:26:12 IST" finished-at="2021-07-18T22:26:16 IST">
    <groups>
    </groups>
    <test name="Default test" duration-ms="3917" started-at="2021-07-18T22:26:12 IST" finished-at="2021-07-18T22:26:16 IST">
      <class name="automation2021.Test1">
        <test-method status="PASS" signature="BrowserTest()[pri:0, instance:automation2021.Test1@467aecef]" name="BrowserTest" duration-ms="3891" started-at="2021-07-18T22:26:13 IST" finished-at="2021-07-18T22:26:16 IST">
          <reporter-output>
          </reporter-output>
        </test-method> <!-- BrowserTest -->
      </class> <!-- automation2021.Test1 -->
    </test> <!-- Default test -->
  </suite> <!-- Default suite -->
</testng-results>
